WARNING 2025-12-24 08:21:03,930 log Forbidden: /api/admin_panel/users/
WARNING 2025-12-24 08:21:04,089 log Not Found: /favicon.ico
WARNING 2025-12-24 08:21:49,791 log Forbidden: /api/admin_panel/roles/
WARNING 2025-12-24 08:44:41,290 log Not Found: /admin/
WARNING 2025-12-24 08:44:41,372 log Not Found: /favicon.ico
WARNING 2025-12-24 09:08:09,436 log Forbidden: /api/admin_panel/users/
WARNING 2025-12-24 09:08:09,577 log Not Found: /favicon.ico
WARNING 2025-12-24 09:08:16,312 log Forbidden: /api/admin_panel/users/
WARNING 2025-12-24 09:08:18,109 log Forbidden: /api/admin_panel/users/
WARNING 2025-12-24 09:08:21,812 log Forbidden: /api/admin_panel/users/
WARNING 2025-12-24 09:08:21,882 log Not Found: /favicon.ico
WARNING 2025-12-24 09:09:03,917 log Method Not Allowed: /api/token/
WARNING 2025-12-24 09:09:04,058 log Not Found: /favicon.ico
WARNING 2025-12-24 09:09:50,370 log Forbidden: /api/admin_panel/users/
WARNING 2025-12-24 10:38:28,506 log Forbidden: /api/admin_panel/roles/
WARNING 2025-12-24 10:38:28,699 log Not Found: /favicon.ico
WARNING 2025-12-24 10:38:41,694 log Forbidden: /api/admin_panel/settings/
WARNING 2025-12-24 10:39:15,964 log Forbidden: /api/projects/projects/
WARNING 2025-12-24 10:39:16,099 log Not Found: /favicon.ico
WARNING 2025-12-24 10:39:32,847 log Not Found: /api/projects/completed/
WARNING 2025-12-24 10:39:46,420 log Not Found: /api/projects/onhold/
WARNING 2025-12-24 10:40:22,907 log Not Found: /api/projects/site/
WARNING 2025-12-24 10:40:36,001 log Forbidden: /api/projects/projects/
WARNING 2025-12-24 10:40:44,601 log Forbidden: /api/projects/projects/completed/
WARNING 2025-12-24 10:40:58,912 log Forbidden: /api/projects/projects/peding/
WARNING 2025-12-24 10:41:13,665 log Forbidden: /api/projects/projects/onhold/
WARNING 2025-12-25 14:10:53,507 log Not Found: /favicon.ico
WARNING 2025-12-25 14:11:20,634 log Forbidden: /api/admin_panel/dashboard/
WARNING 2025-12-25 14:11:20,736 log Not Found: /favicon.ico
WARNING 2025-12-25 14:13:36,305 log Method Not Allowed: /api/accounts/register/
WARNING 2025-12-25 14:13:36,429 log Not Found: /favicon.ico
WARNING 2025-12-25 14:14:06,972 log Bad Request: /api/accounts/register/
WARNING 2025-12-25 14:14:07,078 log Not Found: /favicon.ico
WARNING 2025-12-25 14:14:52,070 log Method Not Allowed: /api/accounts/login/
WARNING 2025-12-25 14:14:52,195 log Not Found: /favicon.ico
WARNING 2025-12-25 15:35:43,994 log Method Not Allowed: /api/accounts/login/
WARNING 2025-12-25 16:00:35,639 log Not Found: /admin/
WARNING 2025-12-25 16:00:35,686 log Not Found: /favicon.ico
WARNING 2025-12-25 16:00:48,638 log Not Found: /api/admin/
WARNING 2025-12-25 16:00:48,676 log Not Found: /favicon.ico
WARNING 2025-12-25 16:00:58,768 log Not Found: /api/admin_panel/
WARNING 2025-12-25 16:00:58,823 log Not Found: /favicon.ico
WARNING 2025-12-25 16:01:55,874 log Forbidden: /api/admin_panel/users/
WARNING 2025-12-25 16:04:25,045 log Not Found: /admin/
WARNING 2025-12-25 16:04:25,127 log Not Found: /favicon.ico
WARNING 2025-12-25 16:04:34,666 log Not Found: /api/admin/
WARNING 2025-12-25 16:04:46,460 log Not Found: /api/admin_panel/
WARNING 2025-12-25 16:04:46,510 log Not Found: /favicon.ico
WARNING 2025-12-25 16:07:56,321 log Forbidden: /api/admin_panel/
WARNING 2025-12-25 16:13:41,250 log Not Found: /admin/
WARNING 2025-12-25 16:14:01,383 log Not Found: /admin_panel/
WARNING 2025-12-25 16:14:24,731 log Not Found: /api/admin/
WARNING 2025-12-25 16:14:37,329 log Not Found: /api/admin/admin_panel/
WARNING 2025-12-25 16:15:45,224 log Not Found: /api/docs/swagger/
WARNING 2025-12-25 16:15:45,272 log Not Found: /favicon.ico
WARNING 2025-12-25 20:41:15,718 log Forbidden: /api/admin_panel/users/
WARNING 2025-12-25 20:41:15,902 log Not Found: /favicon.ico
WARNING 2025-12-25 20:41:20,899 log Forbidden: /api/admin_panel/users/
WARNING 2025-12-25 20:41:23,732 log Forbidden: /api/admin_panel/users/
WARNING 2025-12-25 20:41:24,686 log Forbidden: /api/admin_panel/users/
WARNING 2025-12-25 20:41:26,799 log Forbidden: /api/admin_panel/
WARNING 2025-12-25 20:41:31,639 log Forbidden: /api/admin_panel/
WARNING 2025-12-25 20:41:51,744 log Forbidden: /api/admin_panel/dashboard/
WARNING 2025-12-25 20:41:51,809 log Not Found: /favicon.ico
WARNING 2025-12-25 20:42:06,340 log Forbidden: /api/admin_panel/users/
WARNING 2025-12-25 20:42:06,427 log Not Found: /favicon.ico
WARNING 2025-12-25 20:42:35,342 log Forbidden: /api/admin_panel/settings/
WARNING 2025-12-25 20:42:35,413 log Not Found: /favicon.ico
WARNING 2025-12-25 20:59:37,936 log Forbidden: /api/admin_panel/settings/
WARNING 2025-12-25 20:59:39,527 log Forbidden: /api/admin_panel/settings/
WARNING 2025-12-25 20:59:50,171 log Forbidden: /api/admin_panel/users/
WARNING 2025-12-25 20:59:50,259 log Not Found: /favicon.ico
WARNING 2025-12-25 21:39:03,182 log Bad Request: /api/accounts/login/
WARNING 2025-12-25 21:41:59,357 log Bad Request: /api/accounts/login/
WARNING 2025-12-25 22:24:23,747 log Forbidden: /api/admin_panel/
WARNING 2025-12-25 22:24:31,179 log Forbidden: /api/admin_panel/users/
WARNING 2025-12-25 22:42:17,959 log Unauthorized: /api/token/
WARNING 2025-12-25 22:42:48,276 log Unauthorized: /api/token/
WARNING 2025-12-25 23:10:20,787 log Forbidden: /api/admin_panel/users/
WARNING 2025-12-25 23:11:39,235 log Not Found: /admin/login/
WARNING 2025-12-25 23:12:00,014 log Not Found: /admin/
WARNING 2025-12-25 23:12:00,068 log Not Found: /favicon.ico
WARNING 2025-12-25 23:12:27,511 log Method Not Allowed: /api/accounts/register/
WARNING 2025-12-25 23:12:27,618 log Not Found: /favicon.ico
WARNING 2025-12-25 23:13:36,785 log Not Found: /favicon.ico
WARNING 2025-12-25 23:29:04,431 log Not Found: /admin_panel/users/
WARNING 2025-12-25 23:36:52,674 log Forbidden: /api/projects/projects/onhold/
WARNING 2025-12-26 00:06:01,037 log Not Found: /admin_panel/users/
WARNING 2025-12-26 00:06:13,101 log Not Found: /admin_panel/users/
WARNING 2025-12-26 00:07:03,497 log Unauthorized: /api/token/
WARNING 2025-12-26 00:08:03,561 log Not Found: /admin_panel/users/
WARNING 2025-12-26 00:25:01,788 log Not Found: /admin_panel/users/
WARNING 2025-12-26 00:25:42,717 log Not Found: /admin_panel/users/
WARNING 2025-12-26 00:33:53,983 log Not Found: /admin_panel/users/
WARNING 2025-12-26 00:34:01,953 log Not Found: /admin_panel/users/
WARNING 2025-12-26 00:34:03,565 log Not Found: /admin_panel/users/
WARNING 2025-12-26 00:34:35,350 log Not Found: /admin_panel/users/
WARNING 2025-12-26 00:35:13,171 log Not Found: /admin_panel/users/
WARNING 2025-12-26 00:36:13,383 log Not Found: /admin_panel/users/
WARNING 2025-12-26 00:39:20,443 log Not Found: /admin_panel/users/
WARNING 2025-12-26 00:39:22,705 log Not Found: /admin_panel/users/
WARNING 2025-12-26 00:39:23,656 log Not Found: /admin_panel/users/
WARNING 2025-12-26 00:39:26,042 log Not Found: /admin_panel/users/
WARNING 2025-12-26 00:58:33,026 log Not Found: /admin_panel/users/
WARNING 2025-12-26 00:58:36,159 log Not Found: /admin_panel/users/
WARNING 2025-12-26 00:59:29,014 log Not Found: /admin_panel/users/
WARNING 2025-12-26 00:59:36,057 log Not Found: /admin_panel/users/
WARNING 2025-12-26 01:01:21,182 log Not Found: /dashboard/
WARNING 2025-12-26 01:14:46,428 log Forbidden: /api/dashboard/
WARNING 2025-12-26 01:14:49,415 log Forbidden: /api/dashboard/
WARNING 2025-12-26 01:14:50,559 log Forbidden: /api/dashboard/
WARNING 2025-12-26 01:14:51,075 log Forbidden: /api/dashboard/
WARNING 2025-12-26 01:14:51,355 log Forbidden: /api/dashboard/
WARNING 2025-12-26 01:14:51,661 log Forbidden: /api/dashboard/
WARNING 2025-12-26 01:14:52,107 log Forbidden: /api/dashboard/
WARNING 2025-12-26 01:15:23,298 log Not Found: /api/api/token/
WARNING 2025-12-26 01:15:38,098 log Not Found: /api/api/token/
WARNING 2025-12-26 01:15:41,073 log Not Found: /api/api/token/
WARNING 2025-12-26 01:15:42,274 log Not Found: /api/api/token/
WARNING 2025-12-26 01:16:09,069 log Not Found: /api/api/token/
WARNING 2025-12-26 01:16:14,369 log Not Found: /api/api/token/
WARNING 2025-12-26 01:16:15,017 log Not Found: /api/api/token/
WARNING 2025-12-26 01:16:15,196 log Not Found: /api/api/token/
WARNING 2025-12-26 01:16:15,375 log Not Found: /api/api/token/
WARNING 2025-12-26 01:16:41,909 log Not Found: /api/api/token/
WARNING 2025-12-26 01:16:45,861 log Not Found: /api/api/token/
WARNING 2025-12-26 01:16:46,335 log Not Found: /api/api/token/
WARNING 2025-12-26 01:16:46,501 log Not Found: /api/api/token/
WARNING 2025-12-26 01:16:46,643 log Not Found: /api/api/token/
WARNING 2025-12-26 01:16:46,805 log Not Found: /api/api/token/
WARNING 2025-12-26 01:16:46,960 log Not Found: /api/api/token/
WARNING 2025-12-26 01:16:47,081 log Not Found: /api/api/token/
WARNING 2025-12-26 01:16:47,236 log Not Found: /api/api/token/
WARNING 2025-12-26 01:16:47,393 log Not Found: /api/api/token/
WARNING 2025-12-26 01:17:04,972 log Not Found: /api/api/token/
WARNING 2025-12-26 01:17:47,153 log Not Found: /favicon.ico
WARNING 2025-12-26 01:18:00,530 log Method Not Allowed: /api/accounts/register/
WARNING 2025-12-26 01:19:18,768 log Bad Request: /api/accounts/register/
WARNING 2025-12-26 01:20:31,990 log Not Found: /api/api/token/
WARNING 2025-12-26 01:20:47,745 log Not Found: /api/api/token/
WARNING 2025-12-26 01:20:48,307 log Not Found: /api/api/token/
WARNING 2025-12-26 01:20:48,654 log Not Found: /api/api/token/
WARNING 2025-12-26 01:20:48,841 log Not Found: /api/api/token/
WARNING 2025-12-26 01:21:07,482 log Not Found: /api/api/token/
WARNING 2025-12-26 01:21:08,352 log Not Found: /api/api/token/
WARNING 2025-12-26 01:21:08,597 log Not Found: /api/api/token/
WARNING 2025-12-26 01:33:07,589 log Not Found: /api/api/token/
WARNING 2025-12-26 01:56:27,339 log Forbidden: /api/dashboard/
WARNING 2025-12-26 02:07:39,536 log Unauthorized: /api/token/
WARNING 2025-12-26 02:10:14,850 log Forbidden: /api/dashboard/
WARNING 2025-12-26 02:17:14,682 log Forbidden: /api/dashboard/
WARNING 2025-12-26 02:17:16,822 log Forbidden: /api/dashboard/
WARNING 2025-12-26 02:17:17,981 log Forbidden: /api/dashboard/
WARNING 2025-12-26 02:20:04,119 log Forbidden: /api/dashboard/
WARNING 2025-12-26 02:20:08,499 log Forbidden: /api/dashboard/
WARNING 2025-12-26 02:20:09,425 log Forbidden: /api/dashboard/
WARNING 2025-12-26 02:20:12,745 log Forbidden: /api/dashboard/
WARNING 2025-12-26 02:23:36,475 log Forbidden: /api/dashboard/
WARNING 2025-12-26 02:24:16,214 log Forbidden: /api/dashboard/
WARNING 2025-12-26 02:54:53,117 log Bad Request: /api/accounts/register/
WARNING 2025-12-26 02:54:59,000 log Forbidden: /api/dashboard/
WARNING 2025-12-26 03:17:59,983 log Not Found: /api/api/accounts/profile/
WARNING 2025-12-26 03:18:00,010 log Not Found: /api/api/accounts/profile/
WARNING 2025-12-26 03:25:30,873 log Not Found: /api/api/accounts/profile/
WARNING 2025-12-26 03:25:31,164 log Not Found: /api/api/accounts/profile/
WARNING 2025-12-26 03:25:41,350 log Not Found: /api/api/accounts/profile/
WARNING 2025-12-26 03:25:50,935 log Not Found: /api/api/accounts/profile/
WARNING 2025-12-26 03:26:14,936 log Not Found: /api/api/accounts/profile/
WARNING 2025-12-26 03:26:15,944 log Not Found: /api/api/accounts/profile/
WARNING 2025-12-26 03:26:17,614 log Not Found: /api/api/accounts/profile/
WARNING 2025-12-26 03:26:19,454 log Not Found: /api/api/accounts/profile/
WARNING 2025-12-26 03:26:32,411 log Not Found: /api/api/accounts/profile/
WARNING 2025-12-26 03:48:55,176 log Not Found: /api/api/accounts/profile/
WARNING 2025-12-26 03:49:04,481 log Not Found: /api/api/accounts/profile/
WARNING 2025-12-26 03:49:14,004 log Not Found: /api/api/accounts/profile/
WARNING 2025-12-26 03:55:31,611 log Not Found: /api/api/accounts/profile/
WARNING 2025-12-26 03:55:36,753 log Not Found: /api/api/accounts/profile/
WARNING 2025-12-26 03:55:38,099 log Not Found: /api/api/accounts/profile/
WARNING 2025-12-26 03:55:39,157 log Not Found: /api/api/accounts/profile/
WARNING 2025-12-26 03:55:40,025 log Not Found: /api/api/accounts/profile/
WARNING 2025-12-26 03:55:48,107 log Not Found: /api/api/accounts/profile/
WARNING 2025-12-26 03:56:11,463 log Not Found: /api/api/accounts/profile/
WARNING 2025-12-26 03:59:29,559 log Not Found: /api/api/accounts/profile/
WARNING 2025-12-26 03:59:31,820 log Not Found: /api/api/accounts/profile/
WARNING 2025-12-26 03:59:33,338 log Not Found: /api/api/accounts/profile/
WARNING 2025-12-26 04:00:31,775 log Not Found: /api/api/accounts/profile/
WARNING 2025-12-26 04:00:43,592 log Not Found: /api/api/accounts/profile/
WARNING 2025-12-26 04:12:52,165 log Not Found: /api/api/accounts/profile/
WARNING 2025-12-26 04:13:13,474 log Not Found: /api/api/accounts/profile/
WARNING 2025-12-26 04:13:22,973 log Not Found: /api/api/accounts/profile/
WARNING 2025-12-26 04:18:15,778 log Not Found: /api/api/accounts/profile/
WARNING 2025-12-26 04:18:21,944 log Not Found: /api/api/accounts/profile/
WARNING 2025-12-26 04:18:23,071 log Not Found: /api/api/accounts/profile/
WARNING 2025-12-26 04:18:23,439 log Not Found: /api/api/accounts/profile/
WARNING 2025-12-26 04:18:24,026 log Not Found: /api/api/accounts/profile/
WARNING 2025-12-26 04:18:24,343 log Not Found: /api/api/accounts/profile/
WARNING 2025-12-26 04:20:20,875 log Not Found: /api/api/accounts/profile/
WARNING 2025-12-26 04:20:22,846 log Not Found: /api/api/accounts/profile/
WARNING 2025-12-26 04:20:23,034 log Not Found: /api/api/accounts/profile/
WARNING 2025-12-26 04:20:23,207 log Not Found: /api/api/accounts/profile/
WARNING 2025-12-26 04:20:27,122 log Not Found: /api/api/accounts/profile/
WARNING 2025-12-26 04:20:28,636 log Not Found: /api/api/accounts/profile/
WARNING 2025-12-26 04:20:40,453 log Not Found: /api/api/accounts/profile/
WARNING 2025-12-26 04:20:53,520 log Not Found: /api/api/accounts/profile/
WARNING 2025-12-26 04:33:06,461 log Not Found: /api/api/accounts/profile/
WARNING 2025-12-26 04:33:18,707 log Not Found: /api/api/accounts/profile/
WARNING 2025-12-26 04:37:12,359 log Not Found: /api/api/accounts/profile/
WARNING 2025-12-26 04:37:15,958 log Not Found: /api/api/accounts/profile/
WARNING 2025-12-26 04:39:19,948 log Not Found: /api/api/accounts/profile/
WARNING 2025-12-26 04:39:21,141 log Not Found: /api/api/accounts/profile/
WARNING 2025-12-26 04:41:02,618 log Not Found: /api/api/accounts/profile/
WARNING 2025-12-26 04:41:46,121 log Not Found: /api/api/accounts/profile/
WARNING 2025-12-26 05:18:12,058 log Not Found: /api/api/accounts/profile/
WARNING 2025-12-26 05:18:16,012 log Not Found: /api/api/accounts/profile/
WARNING 2025-12-26 05:18:17,521 log Not Found: /api/api/accounts/profile/
WARNING 2025-12-26 05:18:19,029 log Not Found: /api/api/accounts/profile/
WARNING 2025-12-26 05:18:20,388 log Not Found: /api/api/accounts/profile/
WARNING 2025-12-26 05:18:21,128 log Not Found: /api/api/accounts/profile/
WARNING 2025-12-26 05:18:21,318 log Not Found: /api/api/accounts/profile/
WARNING 2025-12-26 05:18:21,910 log Not Found: /api/api/accounts/profile/
WARNING 2025-12-26 05:18:22,143 log Not Found: /api/api/accounts/profile/
WARNING 2025-12-26 05:18:23,064 log Not Found: /api/api/accounts/profile/
WARNING 2025-12-26 05:18:25,520 log Not Found: /api/api/accounts/profile/
WARNING 2025-12-26 05:18:29,819 log Not Found: /api/api/accounts/profile/
WARNING 2025-12-26 05:18:31,659 log Not Found: /api/api/accounts/profile/
WARNING 2025-12-26 05:18:35,293 log Not Found: /api/api/accounts/profile/
WARNING 2025-12-26 05:18:36,907 log Not Found: /api/api/accounts/profile/
WARNING 2025-12-26 05:27:22,483 log Not Found: /api/api/accounts/profile/
WARNING 2025-12-26 05:33:27,005 log Not Found: /api/api/accounts/profile/
WARNING 2025-12-26 06:26:55,823 log Bad Request: /api/accounts/register/
WARNING 2025-12-26 06:26:56,152 log Not Found: /favicon.ico
WARNING 2025-12-26 06:35:37,140 log Forbidden: /api/dashboard/
WARNING 2025-12-26 06:35:40,730 log Forbidden: /api/dashboard/
WARNING 2025-12-26 06:36:39,232 log Forbidden: /api/dashboard/
WARNING 2025-12-26 06:38:28,511 log Forbidden: /api/dashboard/
WARNING 2025-12-26 06:44:55,464 log Forbidden: /api/dashboard/
WARNING 2025-12-26 06:49:17,686 log Forbidden: /api/dashboard/
WARNING 2025-12-26 06:49:18,925 log Forbidden: /api/dashboard/
WARNING 2025-12-26 06:57:10,802 log Forbidden: /api/dashboard/
WARNING 2025-12-26 06:57:11,956 log Forbidden: /api/dashboard/
WARNING 2025-12-26 06:57:37,482 log Forbidden: /api/dashboard/
WARNING 2025-12-26 06:57:48,912 log Forbidden: /api/dashboard/
WARNING 2025-12-26 06:57:51,639 log Forbidden: /api/dashboard/
WARNING 2025-12-26 06:57:58,108 log Forbidden: /api/dashboard/
WARNING 2025-12-26 07:14:08,764 log Forbidden: /api/dashboard/
WARNING 2025-12-26 07:25:50,540 log Forbidden: /api/dashboard/
WARNING 2025-12-26 07:26:18,300 log Forbidden: /api/dashboard/
WARNING 2025-12-26 07:26:20,496 log Forbidden: /api/dashboard/
WARNING 2025-12-26 07:31:18,562 log Forbidden: /api/dashboard/
WARNING 2025-12-26 07:33:58,404 log Forbidden: /api/dashboard/
WARNING 2025-12-26 07:34:01,260 log Forbidden: /api/dashboard/
WARNING 2025-12-26 07:34:12,710 log Forbidden: /api/dashboard/
WARNING 2025-12-26 07:34:24,476 log Forbidden: /api/dashboard/
WARNING 2025-12-26 07:34:33,400 log Forbidden: /api/dashboard/
WARNING 2025-12-26 07:34:46,033 log Forbidden: /api/dashboard/
WARNING 2025-12-26 07:35:35,394 log Forbidden: /api/dashboard/
WARNING 2025-12-26 07:36:24,664 log Forbidden: /api/dashboard/
WARNING 2025-12-26 07:37:11,163 log Forbidden: /api/dashboard/
WARNING 2025-12-26 07:52:11,653 log Forbidden: /api/dashboard/
WARNING 2025-12-26 07:52:18,845 log Forbidden: /api/dashboard/
WARNING 2025-12-26 07:55:22,883 log Forbidden: /api/dashboard/
WARNING 2025-12-26 07:55:28,729 log Forbidden: /api/dashboard/
WARNING 2025-12-26 07:55:31,813 log Forbidden: /api/dashboard/
WARNING 2025-12-26 07:55:34,037 log Forbidden: /api/dashboard/
WARNING 2025-12-26 07:55:49,149 log Forbidden: /api/dashboard/
WARNING 2025-12-26 07:56:11,148 log Forbidden: /api/dashboard/
WARNING 2025-12-26 07:56:30,237 log Forbidden: /api/dashboard/
WARNING 2025-12-26 07:57:03,218 log Not Found: /api/api/accounts/login/
WARNING 2025-12-26 07:57:10,826 log Not Found: /api/api/accounts/login/
WARNING 2025-12-26 07:57:37,624 log Not Found: /api/api/accounts/login/
WARNING 2025-12-26 07:57:41,129 log Not Found: /api/api/accounts/login/
WARNING 2025-12-26 07:57:42,457 log Not Found: /api/api/accounts/login/
WARNING 2025-12-26 07:57:42,898 log Not Found: /api/api/accounts/login/
WARNING 2025-12-26 07:57:43,096 log Not Found: /api/api/accounts/login/
WARNING 2025-12-26 07:57:43,280 log Not Found: /api/api/accounts/login/
WARNING 2025-12-26 07:57:43,486 log Not Found: /api/api/accounts/login/
WARNING 2025-12-26 07:57:43,666 log Not Found: /api/api/accounts/login/
WARNING 2025-12-26 07:57:43,952 log Not Found: /api/api/accounts/login/
WARNING 2025-12-26 07:57:44,362 log Not Found: /api/api/accounts/login/
WARNING 2025-12-26 07:57:44,748 log Not Found: /api/api/accounts/login/
WARNING 2025-12-26 08:07:47,773 log Forbidden: /api/dashboard/
WARNING 2025-12-26 08:07:52,304 log Forbidden: /api/dashboard/
WARNING 2025-12-26 08:07:53,886 log Forbidden: /api/dashboard/
WARNING 2025-12-26 08:08:08,983 log Forbidden: /api/dashboard/
WARNING 2025-12-26 08:09:42,241 log Forbidden: /api/dashboard/
WARNING 2025-12-26 08:09:46,688 log Forbidden: /api/dashboard/
WARNING 2025-12-26 08:10:02,384 log Forbidden: /api/dashboard/
WARNING 2025-12-26 08:10:27,848 log Forbidden: /api/dashboard/
WARNING 2025-12-26 08:23:18,146 log Forbidden: /api/dashboard/
WARNING 2025-12-26 08:23:19,329 log Forbidden: /api/dashboard/
WARNING 2025-12-26 08:26:09,841 log Forbidden: /api/dashboard/
WARNING 2025-12-26 08:26:13,248 log Forbidden: /api/dashboard/
WARNING 2025-12-26 08:26:14,438 log Forbidden: /api/dashboard/
WARNING 2025-12-26 08:26:14,811 log Forbidden: /api/dashboard/
WARNING 2025-12-26 08:26:15,158 log Forbidden: /api/dashboard/
WARNING 2025-12-26 08:26:15,966 log Forbidden: /api/dashboard/
WARNING 2025-12-26 08:26:16,268 log Forbidden: /api/dashboard/
WARNING 2025-12-26 08:26:16,537 log Forbidden: /api/dashboard/
WARNING 2025-12-26 08:36:19,829 log Forbidden: /api/dashboard/
WARNING 2025-12-26 08:36:48,599 log Forbidden: /api/dashboard/
WARNING 2025-12-26 08:37:05,787 log Forbidden: /api/dashboard/
WARNING 2025-12-26 08:37:07,030 log Forbidden: /api/dashboard/
WARNING 2025-12-26 08:37:43,067 log Forbidden: /api/dashboard/
WARNING 2025-12-26 08:37:45,045 log Forbidden: /api/dashboard/
WARNING 2025-12-26 08:37:46,320 log Forbidden: /api/dashboard/
WARNING 2025-12-26 08:37:46,648 log Forbidden: /api/dashboard/
WARNING 2025-12-26 08:37:51,497 log Forbidden: /api/dashboard/
WARNING 2025-12-26 08:38:10,314 log Forbidden: /api/dashboard/
WARNING 2025-12-26 08:39:41,596 log Bad Request: /api/accounts/register/
WARNING 2025-12-26 08:39:41,860 log Not Found: /favicon.ico
WARNING 2025-12-26 08:41:22,060 log Method Not Allowed: /api/accounts/login/
WARNING 2025-12-26 08:41:22,186 log Not Found: /favicon.ico
WARNING 2025-12-26 08:42:20,266 log Not Found: /api/api/accounts/login/
WARNING 2025-12-26 08:42:33,709 log Not Found: /api/api/accounts/login/
WARNING 2025-12-26 08:42:34,348 log Not Found: /api/api/accounts/login/
WARNING 2025-12-26 08:42:34,535 log Not Found: /api/api/accounts/login/
WARNING 2025-12-26 08:42:34,881 log Not Found: /api/api/accounts/login/
WARNING 2025-12-26 08:43:14,687 log Method Not Allowed: /api/accounts/register/
WARNING 2025-12-26 08:43:47,487 log Not Found: /api/api/accounts/login/
WARNING 2025-12-26 08:43:48,035 log Not Found: /api/api/accounts/login/
WARNING 2025-12-26 08:43:48,277 log Not Found: /api/api/accounts/login/
WARNING 2025-12-26 08:43:48,450 log Not Found: /api/api/accounts/login/
WARNING 2025-12-26 08:45:02,248 log Forbidden: /api/dashboard/
WARNING 2025-12-26 08:45:09,657 log Forbidden: /api/dashboard/
WARNING 2025-12-26 08:51:25,313 log Forbidden: /api/accounts/me/
WARNING 2025-12-26 09:01:41,019 log Not Found: /api/api/accounts/login/
WARNING 2025-12-26 10:17:09,877 log Not Found: /favicon.ico
WARNING 2025-12-26 11:07:55,525 log Forbidden: /api/dashboard/
WARNING 2025-12-26 11:08:17,955 log Forbidden: /api/dashboard/
WARNING 2025-12-26 11:12:28,726 log Forbidden: /api/dashboard/
WARNING 2025-12-26 11:12:52,522 log Forbidden: /api/dashboard/
WARNING 2025-12-26 11:14:43,378 log Forbidden: /api/dashboard/
WARNING 2025-12-26 11:14:54,944 log Forbidden: /api/dashboard/
WARNING 2025-12-26 11:14:59,622 log Forbidden: /api/dashboard/
WARNING 2025-12-26 11:15:33,112 log Forbidden: /api/dashboard/
WARNING 2025-12-26 11:16:54,280 log Forbidden: /api/dashboard/
WARNING 2025-12-26 11:18:10,903 log Forbidden: /api/dashboard/
WARNING 2025-12-26 17:05:35,237 log Not Found: /favicon.ico
WARNING 2025-12-26 17:05:44,522 log Forbidden: /api/dashboard/
WARNING 2025-12-26 17:05:59,301 log Forbidden: /api/dashboard/
WARNING 2025-12-26 17:42:08,095 log Not Found: /
WARNING 2025-12-26 17:44:45,045 log Not Found: /api/accounts/
WARNING 2025-12-26 17:45:02,125 log Not Found: /api/accounts/
WARNING 2025-12-26 17:56:15,369 log Not Found: /
WARNING 2025-12-26 17:56:15,435 log Not Found: /favicon.ico
ERROR 2025-12-26 18:58:27,681 log Invalid HTTP_HOST header: 'icmfs_backend:3000'. The domain name provided is not valid according to RFC 1034/1035.
Traceback (most recent call last):
  File "/usr/local/lib/python3.11/site-packages/django/core/handlers/exception.py", line 55, in inner
    response = get_response(request)
               ^^^^^^^^^^^^^^^^^^^^^
  File "/usr/local/lib/python3.11/site-packages/django/utils/deprecation.py", line 119, in __call__
    response = self.process_request(request)
               ^^^^^^^^^^^^^^^^^^^^^^^^^^^^^
  File "/usr/local/lib/python3.11/site-packages/django/middleware/common.py", line 48, in process_request
    host = request.get_host()
           ^^^^^^^^^^^^^^^^^^
  File "/usr/local/lib/python3.11/site-packages/django/http/request.py", line 202, in get_host
    raise DisallowedHost(msg)
django.core.exceptions.DisallowedHost: Invalid HTTP_HOST header: 'icmfs_backend:3000'. The domain name provided is not valid according to RFC 1034/1035.
ERROR 2025-12-26 18:59:24,239 log Invalid HTTP_HOST header: 'icmfs_backend:3000'. The domain name provided is not valid according to RFC 1034/1035.
Traceback (most recent call last):
  File "/usr/local/lib/python3.11/site-packages/django/core/handlers/exception.py", line 55, in inner
    response = get_response(request)
               ^^^^^^^^^^^^^^^^^^^^^
  File "/usr/local/lib/python3.11/site-packages/django/utils/deprecation.py", line 119, in __call__
    response = self.process_request(request)
               ^^^^^^^^^^^^^^^^^^^^^^^^^^^^^
  File "/usr/local/lib/python3.11/site-packages/django/middleware/common.py", line 48, in process_request
    host = request.get_host()
           ^^^^^^^^^^^^^^^^^^
  File "/usr/local/lib/python3.11/site-packages/django/http/request.py", line 202, in get_host
    raise DisallowedHost(msg)
django.core.exceptions.DisallowedHost: Invalid HTTP_HOST header: 'icmfs_backend:3000'. The domain name provided is not valid according to RFC 1034/1035.
ERROR 2025-12-26 19:05:01,932 log Invalid HTTP_HOST header: 'icmfs_backend:3000'. The domain name provided is not valid according to RFC 1034/1035.
Traceback (most recent call last):
  File "/usr/local/lib/python3.11/site-packages/django/core/handlers/exception.py", line 55, in inner
    response = get_response(request)
               ^^^^^^^^^^^^^^^^^^^^^
  File "/usr/local/lib/python3.11/site-packages/django/utils/deprecation.py", line 119, in __call__
    response = self.process_request(request)
               ^^^^^^^^^^^^^^^^^^^^^^^^^^^^^
  File "/usr/local/lib/python3.11/site-packages/django/middleware/common.py", line 48, in process_request
    host = request.get_host()
           ^^^^^^^^^^^^^^^^^^
  File "/usr/local/lib/python3.11/site-packages/django/http/request.py", line 202, in get_host
    raise DisallowedHost(msg)
django.core.exceptions.DisallowedHost: Invalid HTTP_HOST header: 'icmfs_backend:3000'. The domain name provided is not valid according to RFC 1034/1035.
ERROR 2025-12-26 19:05:03,475 log Invalid HTTP_HOST header: 'icmfs_backend:3000'. The domain name provided is not valid according to RFC 1034/1035.
Traceback (most recent call last):
  File "/usr/local/lib/python3.11/site-packages/django/core/handlers/exception.py", line 55, in inner
    response = get_response(request)
               ^^^^^^^^^^^^^^^^^^^^^
  File "/usr/local/lib/python3.11/site-packages/django/utils/deprecation.py", line 119, in __call__
    response = self.process_request(request)
               ^^^^^^^^^^^^^^^^^^^^^^^^^^^^^
  File "/usr/local/lib/python3.11/site-packages/django/middleware/common.py", line 48, in process_request
    host = request.get_host()
           ^^^^^^^^^^^^^^^^^^
  File "/usr/local/lib/python3.11/site-packages/django/http/request.py", line 202, in get_host
    raise DisallowedHost(msg)
django.core.exceptions.DisallowedHost: Invalid HTTP_HOST header: 'icmfs_backend:3000'. The domain name provided is not valid according to RFC 1034/1035.
ERROR 2025-12-26 19:05:04,867 log Invalid HTTP_HOST header: 'icmfs_backend:3000'. The domain name provided is not valid according to RFC 1034/1035.
Traceback (most recent call last):
  File "/usr/local/lib/python3.11/site-packages/django/core/handlers/exception.py", line 55, in inner
    response = get_response(request)
               ^^^^^^^^^^^^^^^^^^^^^
  File "/usr/local/lib/python3.11/site-packages/django/utils/deprecation.py", line 119, in __call__
    response = self.process_request(request)
               ^^^^^^^^^^^^^^^^^^^^^^^^^^^^^
  File "/usr/local/lib/python3.11/site-packages/django/middleware/common.py", line 48, in process_request
    host = request.get_host()
           ^^^^^^^^^^^^^^^^^^
  File "/usr/local/lib/python3.11/site-packages/django/http/request.py", line 202, in get_host
    raise DisallowedHost(msg)
django.core.exceptions.DisallowedHost: Invalid HTTP_HOST header: 'icmfs_backend:3000'. The domain name provided is not valid according to RFC 1034/1035.
ERROR 2025-12-26 19:05:05,199 log Invalid HTTP_HOST header: 'icmfs_backend:3000'. The domain name provided is not valid according to RFC 1034/1035.
Traceback (most recent call last):
  File "/usr/local/lib/python3.11/site-packages/django/core/handlers/exception.py", line 55, in inner
    response = get_response(request)
               ^^^^^^^^^^^^^^^^^^^^^
  File "/usr/local/lib/python3.11/site-packages/django/utils/deprecation.py", line 119, in __call__
    response = self.process_request(request)
               ^^^^^^^^^^^^^^^^^^^^^^^^^^^^^
  File "/usr/local/lib/python3.11/site-packages/django/middleware/common.py", line 48, in process_request
    host = request.get_host()
           ^^^^^^^^^^^^^^^^^^
  File "/usr/local/lib/python3.11/site-packages/django/http/request.py", line 202, in get_host
    raise DisallowedHost(msg)
django.core.exceptions.DisallowedHost: Invalid HTTP_HOST header: 'icmfs_backend:3000'. The domain name provided is not valid according to RFC 1034/1035.
ERROR 2025-12-26 19:06:23,427 log Invalid HTTP_HOST header: 'icmfs_backend:3000'. The domain name provided is not valid according to RFC 1034/1035.
Traceback (most recent call last):
  File "/usr/local/lib/python3.11/site-packages/django/core/handlers/exception.py", line 55, in inner
    response = get_response(request)
               ^^^^^^^^^^^^^^^^^^^^^
  File "/usr/local/lib/python3.11/site-packages/django/utils/deprecation.py", line 119, in __call__
    response = self.process_request(request)
               ^^^^^^^^^^^^^^^^^^^^^^^^^^^^^
  File "/usr/local/lib/python3.11/site-packages/django/middleware/common.py", line 48, in process_request
    host = request.get_host()
           ^^^^^^^^^^^^^^^^^^
  File "/usr/local/lib/python3.11/site-packages/django/http/request.py", line 202, in get_host
    raise DisallowedHost(msg)
django.core.exceptions.DisallowedHost: Invalid HTTP_HOST header: 'icmfs_backend:3000'. The domain name provided is not valid according to RFC 1034/1035.
ERROR 2025-12-26 19:07:48,863 log Invalid HTTP_HOST header: 'icmfs_backend:3000'. The domain name provided is not valid according to RFC 1034/1035.
Traceback (most recent call last):
  File "/usr/local/lib/python3.11/site-packages/django/core/handlers/exception.py", line 55, in inner
    response = get_response(request)
               ^^^^^^^^^^^^^^^^^^^^^
  File "/usr/local/lib/python3.11/site-packages/django/utils/deprecation.py", line 119, in __call__
    response = self.process_request(request)
               ^^^^^^^^^^^^^^^^^^^^^^^^^^^^^
  File "/usr/local/lib/python3.11/site-packages/django/middleware/common.py", line 48, in process_request
    host = request.get_host()
           ^^^^^^^^^^^^^^^^^^
  File "/usr/local/lib/python3.11/site-packages/django/http/request.py", line 202, in get_host
    raise DisallowedHost(msg)
django.core.exceptions.DisallowedHost: Invalid HTTP_HOST header: 'icmfs_backend:3000'. The domain name provided is not valid according to RFC 1034/1035.
ERROR 2025-12-26 19:14:57,675 log Invalid HTTP_HOST header: 'icmfs_backend:3000'. The domain name provided is not valid according to RFC 1034/1035.
Traceback (most recent call last):
  File "/usr/local/lib/python3.11/site-packages/django/core/handlers/exception.py", line 55, in inner
    response = get_response(request)
               ^^^^^^^^^^^^^^^^^^^^^
  File "/usr/local/lib/python3.11/site-packages/django/utils/deprecation.py", line 119, in __call__
    response = self.process_request(request)
               ^^^^^^^^^^^^^^^^^^^^^^^^^^^^^
  File "/usr/local/lib/python3.11/site-packages/django/middleware/common.py", line 48, in process_request
    host = request.get_host()
           ^^^^^^^^^^^^^^^^^^
  File "/usr/local/lib/python3.11/site-packages/django/http/request.py", line 202, in get_host
    raise DisallowedHost(msg)
django.core.exceptions.DisallowedHost: Invalid HTTP_HOST header: 'icmfs_backend:3000'. The domain name provided is not valid according to RFC 1034/1035.
ERROR 2025-12-26 19:14:58,742 log Invalid HTTP_HOST header: 'icmfs_backend:3000'. The domain name provided is not valid according to RFC 1034/1035.
Traceback (most recent call last):
  File "/usr/local/lib/python3.11/site-packages/django/core/handlers/exception.py", line 55, in inner
    response = get_response(request)
               ^^^^^^^^^^^^^^^^^^^^^
  File "/usr/local/lib/python3.11/site-packages/django/utils/deprecation.py", line 119, in __call__
    response = self.process_request(request)
               ^^^^^^^^^^^^^^^^^^^^^^^^^^^^^
  File "/usr/local/lib/python3.11/site-packages/django/middleware/common.py", line 48, in process_request
    host = request.get_host()
           ^^^^^^^^^^^^^^^^^^
  File "/usr/local/lib/python3.11/site-packages/django/http/request.py", line 202, in get_host
    raise DisallowedHost(msg)
django.core.exceptions.DisallowedHost: Invalid HTTP_HOST header: 'icmfs_backend:3000'. The domain name provided is not valid according to RFC 1034/1035.
ERROR 2025-12-26 19:15:00,322 log Invalid HTTP_HOST header: 'icmfs_backend:3000'. The domain name provided is not valid according to RFC 1034/1035.
Traceback (most recent call last):
  File "/usr/local/lib/python3.11/site-packages/django/core/handlers/exception.py", line 55, in inner
    response = get_response(request)
               ^^^^^^^^^^^^^^^^^^^^^
  File "/usr/local/lib/python3.11/site-packages/django/utils/deprecation.py", line 119, in __call__
    response = self.process_request(request)
               ^^^^^^^^^^^^^^^^^^^^^^^^^^^^^
  File "/usr/local/lib/python3.11/site-packages/django/middleware/common.py", line 48, in process_request
    host = request.get_host()
           ^^^^^^^^^^^^^^^^^^
  File "/usr/local/lib/python3.11/site-packages/django/http/request.py", line 202, in get_host
    raise DisallowedHost(msg)
django.core.exceptions.DisallowedHost: Invalid HTTP_HOST header: 'icmfs_backend:3000'. The domain name provided is not valid according to RFC 1034/1035.
ERROR 2025-12-26 19:15:00,473 log Invalid HTTP_HOST header: 'icmfs_backend:3000'. The domain name provided is not valid according to RFC 1034/1035.
Traceback (most recent call last):
  File "/usr/local/lib/python3.11/site-packages/django/core/handlers/exception.py", line 55, in inner
    response = get_response(request)
               ^^^^^^^^^^^^^^^^^^^^^
  File "/usr/local/lib/python3.11/site-packages/django/utils/deprecation.py", line 119, in __call__
    response = self.process_request(request)
               ^^^^^^^^^^^^^^^^^^^^^^^^^^^^^
  File "/usr/local/lib/python3.11/site-packages/django/middleware/common.py", line 48, in process_request
    host = request.get_host()
           ^^^^^^^^^^^^^^^^^^
  File "/usr/local/lib/python3.11/site-packages/django/http/request.py", line 202, in get_host
    raise DisallowedHost(msg)
django.core.exceptions.DisallowedHost: Invalid HTTP_HOST header: 'icmfs_backend:3000'. The domain name provided is not valid according to RFC 1034/1035.
ERROR 2025-12-26 19:15:00,832 log Invalid HTTP_HOST header: 'icmfs_backend:3000'. The domain name provided is not valid according to RFC 1034/1035.
Traceback (most recent call last):
  File "/usr/local/lib/python3.11/site-packages/django/core/handlers/exception.py", line 55, in inner
    response = get_response(request)
               ^^^^^^^^^^^^^^^^^^^^^
  File "/usr/local/lib/python3.11/site-packages/django/utils/deprecation.py", line 119, in __call__
    response = self.process_request(request)
               ^^^^^^^^^^^^^^^^^^^^^^^^^^^^^
  File "/usr/local/lib/python3.11/site-packages/django/middleware/common.py", line 48, in process_request
    host = request.get_host()
           ^^^^^^^^^^^^^^^^^^
  File "/usr/local/lib/python3.11/site-packages/django/http/request.py", line 202, in get_host
    raise DisallowedHost(msg)
django.core.exceptions.DisallowedHost: Invalid HTTP_HOST header: 'icmfs_backend:3000'. The domain name provided is not valid according to RFC 1034/1035.
ERROR 2025-12-26 19:15:48,197 log Invalid HTTP_HOST header: 'icmfs_backend:3000'. The domain name provided is not valid according to RFC 1034/1035.
Traceback (most recent call last):
  File "/usr/local/lib/python3.11/site-packages/django/core/handlers/exception.py", line 55, in inner
    response = get_response(request)
               ^^^^^^^^^^^^^^^^^^^^^
  File "/usr/local/lib/python3.11/site-packages/django/utils/deprecation.py", line 119, in __call__
    response = self.process_request(request)
               ^^^^^^^^^^^^^^^^^^^^^^^^^^^^^
  File "/usr/local/lib/python3.11/site-packages/django/middleware/common.py", line 48, in process_request
    host = request.get_host()
           ^^^^^^^^^^^^^^^^^^
  File "/usr/local/lib/python3.11/site-packages/django/http/request.py", line 202, in get_host
    raise DisallowedHost(msg)
django.core.exceptions.DisallowedHost: Invalid HTTP_HOST header: 'icmfs_backend:3000'. The domain name provided is not valid according to RFC 1034/1035.
ERROR 2025-12-26 19:34:31,249 log Invalid HTTP_HOST header: 'icmfs_backend:3000'. The domain name provided is not valid according to RFC 1034/1035.
Traceback (most recent call last):
  File "/usr/local/lib/python3.11/site-packages/django/core/handlers/exception.py", line 55, in inner
    response = get_response(request)
               ^^^^^^^^^^^^^^^^^^^^^
  File "/usr/local/lib/python3.11/site-packages/django/utils/deprecation.py", line 119, in __call__
    response = self.process_request(request)
               ^^^^^^^^^^^^^^^^^^^^^^^^^^^^^
  File "/usr/local/lib/python3.11/site-packages/django/middleware/common.py", line 48, in process_request
    host = request.get_host()
           ^^^^^^^^^^^^^^^^^^
  File "/usr/local/lib/python3.11/site-packages/django/http/request.py", line 202, in get_host
    raise DisallowedHost(msg)
django.core.exceptions.DisallowedHost: Invalid HTTP_HOST header: 'icmfs_backend:3000'. The domain name provided is not valid according to RFC 1034/1035.
WARNING 2025-12-26 19:59:18,000 log Not Found: /admin/
WARNING 2025-12-26 19:59:18,057 log Not Found: /favicon.ico
WARNING 2025-12-26 21:04:54,921 log Not Found: /favicon.ico
WARNING 2025-12-26 21:05:05,868 log Forbidden: /api/accounts/me/
WARNING 2025-12-28 09:18:18,637 log Method Not Allowed: /api/accounts/login/
WARNING 2025-12-28 09:18:18,868 log Not Found: /favicon.ico
WARNING 2025-12-28 09:48:42,265 log Method Not Allowed: /api/accounts/login/
WARNING 2025-12-28 10:09:44,132 log Unauthorized: /api/accounts/login/
WARNING 2025-12-28 10:13:54,547 log Unauthorized: /api/accounts/login/
WARNING 2025-12-28 10:23:14,910 log Unauthorized: /api/accounts/login/
WARNING 2025-12-28 10:23:33,843 log Unauthorized: /api/accounts/login/
WARNING 2025-12-28 10:23:39,820 log Unauthorized: /api/accounts/login/
WARNING 2025-12-28 10:35:08,953 log Forbidden: /api/accounts/me/
WARNING 2025-12-28 11:03:28,301 log Unauthorized: /api/accounts/login/
WARNING 2025-12-28 11:45:11,685 log Forbidden: /api/accounts/me/
WARNING 2025-12-28 11:45:14,126 log Forbidden: /api/accounts/me/
WARNING 2025-12-28 11:45:19,505 log Forbidden: /api/accounts/me/
WARNING 2025-12-28 11:45:23,373 log Forbidden: /api/accounts/me/
WARNING 2025-12-28 11:45:24,811 log Forbidden: /api/accounts/me/
WARNING 2025-12-28 11:46:04,372 log Forbidden: /api/accounts/me/
WARNING 2025-12-28 11:46:25,352 log Forbidden: /api/accounts/me/
WARNING 2025-12-28 11:46:26,802 log Forbidden: /api/accounts/me/
WARNING 2025-12-28 21:34:39,858 log Not Found: /admin/login/
WARNING 2025-12-28 21:34:46,615 log Not Found: /admin/login/
WARNING 2025-12-28 21:39:12,826 log Not Found: /admin/
WARNING 2025-12-28 21:39:12,905 log Not Found: /favicon.ico
WARNING 2025-12-28 21:45:54,527 log Not Found: /favicon.ico
WARNING 2025-12-28 22:05:11,848 log Forbidden: /api/accounts/me/
WARNING 2025-12-28 22:05:12,770 log Forbidden: /api/accounts/me/
WARNING 2025-12-28 22:10:18,763 log Forbidden: /api/accounts/me/
WARNING 2025-12-28 22:10:33,260 log Forbidden: /api/accounts/me/
WARNING 2025-12-28 22:17:54,167 log Forbidden: /api/accounts/me/
WARNING 2025-12-28 22:18:17,085 log Forbidden: /api/accounts/me/
WARNING 2025-12-28 22:18:21,521 log Forbidden: /api/accounts/me/
WARNING 2025-12-28 22:18:49,523 log Forbidden: /api/accounts/me/
WARNING 2025-12-28 22:18:56,395 log Forbidden: /api/accounts/me/
WARNING 2025-12-28 22:40:27,510 log Forbidden: /api/accounts/me/
WARNING 2025-12-28 22:40:34,068 log Forbidden: /api/accounts/me/
WARNING 2025-12-28 22:41:19,194 log Forbidden: /api/accounts/me/
WARNING 2025-12-28 22:41:21,881 log Forbidden: /api/accounts/me/
WARNING 2025-12-28 22:41:22,809 log Forbidden: /api/accounts/me/
WARNING 2025-12-28 22:41:22,977 log Forbidden: /api/accounts/me/
WARNING 2025-12-28 22:41:24,675 log Forbidden: /api/accounts/me/
WARNING 2025-12-28 22:41:25,882 log Forbidden: /api/accounts/me/
WARNING 2025-12-28 22:41:27,017 log Forbidden: /api/accounts/me/
WARNING 2025-12-28 22:45:13,782 log Forbidden: /api/accounts/me/
WARNING 2025-12-28 23:10:37,374 log Forbidden: /api/accounts/me/
WARNING 2025-12-28 23:12:45,410 log Forbidden: /api/accounts/me/
WARNING 2025-12-28 23:16:04,370 log Forbidden: /api/accounts/me/
WARNING 2025-12-28 23:16:43,392 log Forbidden: /api/accounts/me/
WARNING 2025-12-28 23:18:12,925 log Forbidden: /api/accounts/me/
WARNING 2025-12-28 23:31:08,398 log Forbidden: /api/accounts/me/
